<?xml version="1.0" encoding="UTF-8"?>
<!-- Generated by org.testng.reporters.JUnitReportReporter -->
<testsuite skipped="0" hostname="ABC-PC" name="com.ekuber.test.Validlogin" tests="1" failures="0" timestamp="20 Aug 2017 10:13:56 GMT" time="5.618" errors="0">
  <testcase name="testValidLogin" time="5.618" classname="com.ekuber.test.Validlogin"/>
</testsuite> <!-- com.ekuber.test.Validlogin -->
