<?xml version="1.0" encoding="UTF-8"?>
<!-- Generated by org.testng.reporters.JUnitReportReporter -->
<testsuite skipped="0" hostname="ABC-PC" name="com.ekuber.test.InvalidLogin" tests="1" failures="0" timestamp="20 Aug 2017 10:13:56 GMT" time="14.377" errors="0">
  <testcase name="testInvalidLogin" time="14.377" classname="com.ekuber.test.InvalidLogin"/>
</testsuite> <!-- com.ekuber.test.InvalidLogin -->
