<?xml version="1.0" encoding="UTF-8"?>
<!-- Generated by org.testng.reporters.JUnitReportReporter -->
<testsuite skipped="0" hostname="ABC-PC" name="com.ekuber.page.InvalidLogin" tests="1" failures="0" timestamp="20 Aug 2017 09:57:04 GMT" time="14.473" errors="0">
  <testcase name="testInvalidLogin" time="14.473" classname="com.ekuber.page.InvalidLogin"/>
</testsuite> <!-- com.ekuber.page.InvalidLogin -->
