<?xml version="1.0" encoding="UTF-8"?>
<!-- Generated by org.testng.reporters.JUnitReportReporter -->
<testsuite skipped="0" hostname="ABC-PC" name="com.ekuber.test.VerifyBuildVersion" tests="1" failures="0" timestamp="20 Aug 2017 10:13:56 GMT" time="10.564" errors="0">
  <testcase name="testVerifyBuildVersion" time="10.564" classname="com.ekuber.test.VerifyBuildVersion"/>
</testsuite> <!-- com.ekuber.test.VerifyBuildVersion -->
